<?xml version="1.0" encoding="UTF-8"?>
<!-- Generated by org.testng.reporters.JUnitReportReporter -->
<testsuite hostname="Aishu" failures="0" tests="1" name="testscript.ManagecontactTest" time="6.197" errors="0" timestamp="2025-09-10T00:25:33 IST" skipped="0">
  <testcase classname="testscript.ManagecontactTest" name="manageContactTestMethod" time="6.197"/>
</testsuite> <!-- testscript.ManagecontactTest -->
