<?xml version="1.0" encoding="UTF-8"?>
<!-- Generated by org.testng.reporters.JUnitReportReporter -->
<testsuite hostname="Aishu" failures="0" tests="2" name="testscript.Managefootertest" time="29.642" errors="0" timestamp="2025-09-10T00:30:37 IST" skipped="0">
  <testcase classname="testscript.Managefootertest" name="manageFooterTestMethods" time="24.638"/>
  <testcase classname="testscript.Managefootertest" name="manageFooterTestMethods" time="5.004"/>
</testsuite> <!-- testscript.Managefootertest -->
