<?xml version="1.0" encoding="UTF-8"?>
<!-- Generated by org.testng.reporters.JUnitReportReporter -->
<testsuite hostname="Aishu" failures="0" tests="1" name="testscript.Baseclass" time="6.382" errors="0" timestamp="2025-08-12T09:45:32 IST" skipped="0">
  <testcase classname="testscript.Baseclass" name="beforeMethod" time="6.382"/>
</testsuite> <!-- testscript.Baseclass -->
