<?xml version="1.0" encoding="UTF-8"?>
<!-- Generated by org.testng.reporters.JUnitReportReporter -->
<testsuite hostname="Aishu" failures="0" tests="1" name="testscript.Loginpagetest" time="4.074" errors="0" timestamp="2025-09-09T08:12:01 IST" skipped="0">
  <testcase classname="testscript.Loginpagetest" name="verifyusercanabletologincorrectusernameandpassword" time="4.074"/>
</testsuite> <!-- testscript.Loginpagetest -->
