<?xml version="1.0" encoding="UTF-8"?>
<!-- Generated by org.testng.reporters.JUnitReportReporter -->
<testsuite hostname="Aishu" failures="0" tests="1" name="testscript.Hometest" time="2.997" errors="0" timestamp="2025-09-09T23:44:43 IST" skipped="0">
  <testcase classname="testscript.Hometest" name="verifyusercanlogout" time="2.997"/>
</testsuite> <!-- testscript.Hometest -->
