<?xml version="1.0" encoding="UTF-8"?>
<!-- Generated by org.testng.reporters.JUnitReportReporter -->
<testsuite hostname="Aishu" failures="0" tests="1" name="testscript.ManageCategoryTest" time="4.731" errors="0" timestamp="2025-09-09T23:45:07 IST" skipped="0">
  <testcase classname="testscript.ManageCategoryTest" name="managecategory" time="4.731"/>
</testsuite> <!-- testscript.ManageCategoryTest -->
