<?xml version="1.0" encoding="UTF-8"?>
<!-- Generated by org.testng.reporters.JUnitReportReporter -->
<testsuite hostname="Aishu" failures="0" tests="1" name="testscript.Adminusertest" time="3.357" errors="0" timestamp="2025-09-09T23:44:43 IST" skipped="0">
  <testcase classname="testscript.Adminusertest" name="adminusers" time="3.357"/>
</testsuite> <!-- testscript.Adminusertest -->
